
*** Running vivado
    with args -log top.vds -m64 -product Vivado -mode batch -messageDb vivado.pb -notrace -source top.tcl


****** Vivado v2019.2 (64-bit)
  **** SW Build 2708876 on Wed Nov  6 21:40:23 MST 2019
  **** IP Build 2700528 on Thu Nov  7 00:09:20 MST 2019
    ** Copyright 1986-2019 Xilinx, Inc. All Rights Reserved.

source top.tcl -notrace
Command: synth_design -top top -part xc7z010clg400-1
Starting synth_design
Attempting to get a license for feature 'Synthesis' and/or device 'xc7z010'
INFO: [Common 17-349] Got license for feature 'Synthesis' and/or device 'xc7z010'
INFO: [Device 21-403] Loading part xc7z010clg400-1
INFO: Launching helper process for spawning children vivado processes
INFO: Helper process launched with PID 27904 
---------------------------------------------------------------------------------
Starting RTL Elaboration : Time (s): cpu = 00:00:07 ; elapsed = 00:00:08 . Memory (MB): peak = 988.141 ; gain = 234.703
---------------------------------------------------------------------------------
INFO: [Synth 8-638] synthesizing module 'top' [C:/Users/csmith657/Desktop/digital-design-tutorials/CoraZ7/projects/hierarchical_pwm_fsm/hierarchical_pwm_fsm.srcs/sources_1/new/top.vhd:13]
INFO: [Synth 8-638] synthesizing module 'clk_divider' [C:/Users/csmith657/Desktop/digital-design-tutorials/CoraZ7/projects/hierarchical_pwm_fsm/hierarchical_pwm_fsm.srcs/sources_1/new/clk_divider.vhd:16]
WARNING: [Synth 8-614] signal 'tmp' is read in the process but is not in the sensitivity list [C:/Users/csmith657/Desktop/digital-design-tutorials/CoraZ7/projects/hierarchical_pwm_fsm/hierarchical_pwm_fsm.srcs/sources_1/new/clk_divider.vhd:23]
INFO: [Synth 8-256] done synthesizing module 'clk_divider' (1#1) [C:/Users/csmith657/Desktop/digital-design-tutorials/CoraZ7/projects/hierarchical_pwm_fsm/hierarchical_pwm_fsm.srcs/sources_1/new/clk_divider.vhd:16]
INFO: [Synth 8-638] synthesizing module 'pwm_fsm' [C:/Users/csmith657/Desktop/digital-design-tutorials/CoraZ7/projects/hierarchical_pwm_fsm/hierarchical_pwm_fsm.srcs/sources_1/new/pwm_fsm.vhd:16]
WARNING: [Synth 8-614] signal 'clk_cnt' is read in the process but is not in the sensitivity list [C:/Users/csmith657/Desktop/digital-design-tutorials/CoraZ7/projects/hierarchical_pwm_fsm/hierarchical_pwm_fsm.srcs/sources_1/new/pwm_fsm.vhd:26]
WARNING: [Synth 8-614] signal 'pw_cnt' is read in the process but is not in the sensitivity list [C:/Users/csmith657/Desktop/digital-design-tutorials/CoraZ7/projects/hierarchical_pwm_fsm/hierarchical_pwm_fsm.srcs/sources_1/new/pwm_fsm.vhd:26]
WARNING: [Synth 8-614] signal 'pri_cnt' is read in the process but is not in the sensitivity list [C:/Users/csmith657/Desktop/digital-design-tutorials/CoraZ7/projects/hierarchical_pwm_fsm/hierarchical_pwm_fsm.srcs/sources_1/new/pwm_fsm.vhd:26]
INFO: [Synth 8-256] done synthesizing module 'pwm_fsm' (2#1) [C:/Users/csmith657/Desktop/digital-design-tutorials/CoraZ7/projects/hierarchical_pwm_fsm/hierarchical_pwm_fsm.srcs/sources_1/new/pwm_fsm.vhd:16]
INFO: [Synth 8-256] done synthesizing module 'top' (3#1) [C:/Users/csmith657/Desktop/digital-design-tutorials/CoraZ7/projects/hierarchical_pwm_fsm/hierarchical_pwm_fsm.srcs/sources_1/new/top.vhd:13]
---------------------------------------------------------------------------------
Finished RTL Elaboration : Time (s): cpu = 00:00:09 ; elapsed = 00:00:11 . Memory (MB): peak = 1060.164 ; gain = 306.727
---------------------------------------------------------------------------------

Report Check Netlist: 
+------+------------------+-------+---------+-------+------------------+
|      |Item              |Errors |Warnings |Status |Description       |
+------+------------------+-------+---------+-------+------------------+
|1     |multi_driven_nets |      0|        0|Passed |Multi driven nets |
+------+------------------+-------+---------+-------+------------------+
---------------------------------------------------------------------------------
Start Handling Custom Attributes
---------------------------------------------------------------------------------
---------------------------------------------------------------------------------
Finished Handling Custom Attributes : Time (s): cpu = 00:00:10 ; elapsed = 00:00:13 . Memory (MB): peak = 1060.164 ; gain = 306.727
---------------------------------------------------------------------------------
---------------------------------------------------------------------------------
Finished RTL Optimization Phase 1 : Time (s): cpu = 00:00:10 ; elapsed = 00:00:13 . Memory (MB): peak = 1060.164 ; gain = 306.727
---------------------------------------------------------------------------------
Netlist sorting complete. Time (s): cpu = 00:00:00 ; elapsed = 00:00:00.005 . Memory (MB): peak = 1060.164 ; gain = 0.000
INFO: [Project 1-570] Preparing netlist for logic optimization

Processing XDC Constraints
Initializing timing engine
Parsing XDC File [C:/Users/csmith657/Desktop/digital-design-tutorials/CoraZ7/projects/hierarchical_pwm_fsm/hierarchical_pwm_fsm.srcs/constrs_1/imports/digilent-xdc-master/Cora-Z7-10-Master.xdc]
Finished Parsing XDC File [C:/Users/csmith657/Desktop/digital-design-tutorials/CoraZ7/projects/hierarchical_pwm_fsm/hierarchical_pwm_fsm.srcs/constrs_1/imports/digilent-xdc-master/Cora-Z7-10-Master.xdc]
INFO: [Project 1-236] Implementation specific constraints were found while reading constraint file [C:/Users/csmith657/Desktop/digital-design-tutorials/CoraZ7/projects/hierarchical_pwm_fsm/hierarchical_pwm_fsm.srcs/constrs_1/imports/digilent-xdc-master/Cora-Z7-10-Master.xdc]. These constraints will be ignored for synthesis but will be used in implementation. Impacted constraints are listed in the file [.Xil/top_propImpl.xdc].
Resolution: To avoid this warning, move constraints listed in [.Xil/top_propImpl.xdc] to another XDC file and exclude this new file from synthesis with the used_in_synthesis property (File Properties dialog in GUI) and re-run elaboration/synthesis.
Completed Processing XDC Constraints

Netlist sorting complete. Time (s): cpu = 00:00:00 ; elapsed = 00:00:00.001 . Memory (MB): peak = 1135.652 ; gain = 0.000
INFO: [Project 1-111] Unisim Transformation Summary:
No Unisim elements were transformed.

Constraint Validation Runtime : Time (s): cpu = 00:00:00 ; elapsed = 00:00:00.018 . Memory (MB): peak = 1135.652 ; gain = 0.000
---------------------------------------------------------------------------------
Finished Constraint Validation : Time (s): cpu = 00:00:22 ; elapsed = 00:00:26 . Memory (MB): peak = 1135.652 ; gain = 382.215
---------------------------------------------------------------------------------
---------------------------------------------------------------------------------
Start Loading Part and Timing Information
---------------------------------------------------------------------------------
Loading part: xc7z010clg400-1
---------------------------------------------------------------------------------
Finished Loading Part and Timing Information : Time (s): cpu = 00:00:22 ; elapsed = 00:00:26 . Memory (MB): peak = 1135.652 ; gain = 382.215
---------------------------------------------------------------------------------
---------------------------------------------------------------------------------
Start Applying 'set_property' XDC Constraints
---------------------------------------------------------------------------------
---------------------------------------------------------------------------------
Finished applying 'set_property' XDC Constraints : Time (s): cpu = 00:00:22 ; elapsed = 00:00:26 . Memory (MB): peak = 1135.652 ; gain = 382.215
---------------------------------------------------------------------------------
WARNING: [Synth 8-327] inferring latch for variable 'next_state_reg' [C:/Users/csmith657/Desktop/digital-design-tutorials/CoraZ7/projects/hierarchical_pwm_fsm/hierarchical_pwm_fsm.srcs/sources_1/new/pwm_fsm.vhd:34]
---------------------------------------------------------------------------------
Finished RTL Optimization Phase 2 : Time (s): cpu = 00:00:23 ; elapsed = 00:00:26 . Memory (MB): peak = 1135.652 ; gain = 382.215
---------------------------------------------------------------------------------

Report RTL Partitions: 
+-+--------------+------------+----------+
| |RTL Partition |Replication |Instances |
+-+--------------+------------+----------+
+-+--------------+------------+----------+
---------------------------------------------------------------------------------
Start RTL Component Statistics 
---------------------------------------------------------------------------------
Detailed RTL Component Info : 
+---Adders : 
	   2 Input     32 Bit       Adders := 2     
	   2 Input      8 Bit       Adders := 1     
+---Registers : 
	                8 Bit    Registers := 1     
	                1 Bit    Registers := 3     
+---Muxes : 
	   2 Input      8 Bit        Muxes := 1     
	   2 Input      1 Bit        Muxes := 5     
---------------------------------------------------------------------------------
Finished RTL Component Statistics 
---------------------------------------------------------------------------------
---------------------------------------------------------------------------------
Start RTL Hierarchical Component Statistics 
---------------------------------------------------------------------------------
Hierarchical RTL Component report 
Module clk_divider 
Detailed RTL Component Info : 
+---Adders : 
	   2 Input      8 Bit       Adders := 1     
+---Registers : 
	                8 Bit    Registers := 1     
	                1 Bit    Registers := 2     
+---Muxes : 
	   2 Input      8 Bit        Muxes := 1     
	   2 Input      1 Bit        Muxes := 2     
Module pwm_fsm 
Detailed RTL Component Info : 
+---Adders : 
	   2 Input     32 Bit       Adders := 2     
+---Registers : 
	                1 Bit    Registers := 1     
+---Muxes : 
	   2 Input      1 Bit        Muxes := 3     
---------------------------------------------------------------------------------
Finished RTL Hierarchical Component Statistics
---------------------------------------------------------------------------------
---------------------------------------------------------------------------------
Start Part Resource Summary
---------------------------------------------------------------------------------
Part Resources:
DSPs: 80 (col length:40)
BRAMs: 120 (col length: RAMB18 40 RAMB36 20)
---------------------------------------------------------------------------------
Finished Part Resource Summary
---------------------------------------------------------------------------------
---------------------------------------------------------------------------------
Start Cross Boundary and Area Optimization
---------------------------------------------------------------------------------
Warning: Parallel synthesis criteria is not met 
---------------------------------------------------------------------------------
Finished Cross Boundary and Area Optimization : Time (s): cpu = 00:00:25 ; elapsed = 00:00:29 . Memory (MB): peak = 1135.652 ; gain = 382.215
---------------------------------------------------------------------------------

Report RTL Partitions: 
+-+--------------+------------+----------+
| |RTL Partition |Replication |Instances |
+-+--------------+------------+----------+
+-+--------------+------------+----------+
---------------------------------------------------------------------------------
Start Applying XDC Timing Constraints
---------------------------------------------------------------------------------
---------------------------------------------------------------------------------
Finished Applying XDC Timing Constraints : Time (s): cpu = 00:00:39 ; elapsed = 00:00:45 . Memory (MB): peak = 1142.938 ; gain = 389.500
---------------------------------------------------------------------------------
---------------------------------------------------------------------------------
Start Timing Optimization
---------------------------------------------------------------------------------
---------------------------------------------------------------------------------
Finished Timing Optimization : Time (s): cpu = 00:00:39 ; elapsed = 00:00:45 . Memory (MB): peak = 1142.938 ; gain = 389.500
---------------------------------------------------------------------------------

Report RTL Partitions: 
+-+--------------+------------+----------+
| |RTL Partition |Replication |Instances |
+-+--------------+------------+----------+
+-+--------------+------------+----------+
---------------------------------------------------------------------------------
Start Technology Mapping
---------------------------------------------------------------------------------
---------------------------------------------------------------------------------
Finished Technology Mapping : Time (s): cpu = 00:00:39 ; elapsed = 00:00:45 . Memory (MB): peak = 1152.973 ; gain = 399.535
---------------------------------------------------------------------------------

Report RTL Partitions: 
+-+--------------+------------+----------+
| |RTL Partition |Replication |Instances |
+-+--------------+------------+----------+
+-+--------------+------------+----------+
---------------------------------------------------------------------------------
Start IO Insertion
---------------------------------------------------------------------------------
---------------------------------------------------------------------------------
Start Flattening Before IO Insertion
---------------------------------------------------------------------------------
---------------------------------------------------------------------------------
Finished Flattening Before IO Insertion
---------------------------------------------------------------------------------
---------------------------------------------------------------------------------
Start Final Netlist Cleanup
---------------------------------------------------------------------------------
---------------------------------------------------------------------------------
Finished Final Netlist Cleanup
---------------------------------------------------------------------------------
---------------------------------------------------------------------------------
Finished IO Insertion : Time (s): cpu = 00:00:46 ; elapsed = 00:00:52 . Memory (MB): peak = 1167.777 ; gain = 414.340
---------------------------------------------------------------------------------
---------------------------------------------------------------------------------
Start Renaming Generated Instances
---------------------------------------------------------------------------------
---------------------------------------------------------------------------------
Finished Renaming Generated Instances : Time (s): cpu = 00:00:46 ; elapsed = 00:00:52 . Memory (MB): peak = 1167.777 ; gain = 414.340
---------------------------------------------------------------------------------

Report RTL Partitions: 
+-+--------------+------------+----------+
| |RTL Partition |Replication |Instances |
+-+--------------+------------+----------+
+-+--------------+------------+----------+

Report Check Netlist: 
+------+------------------+-------+---------+-------+------------------+
|      |Item              |Errors |Warnings |Status |Description       |
+------+------------------+-------+---------+-------+------------------+
|1     |multi_driven_nets |      0|        0|Passed |Multi driven nets |
+------+------------------+-------+---------+-------+------------------+
---------------------------------------------------------------------------------
Start Rebuilding User Hierarchy
---------------------------------------------------------------------------------
---------------------------------------------------------------------------------
Finished Rebuilding User Hierarchy : Time (s): cpu = 00:00:46 ; elapsed = 00:00:52 . Memory (MB): peak = 1167.777 ; gain = 414.340
---------------------------------------------------------------------------------
---------------------------------------------------------------------------------
Start Renaming Generated Ports
---------------------------------------------------------------------------------
---------------------------------------------------------------------------------
Finished Renaming Generated Ports : Time (s): cpu = 00:00:46 ; elapsed = 00:00:52 . Memory (MB): peak = 1167.777 ; gain = 414.340
---------------------------------------------------------------------------------
---------------------------------------------------------------------------------
Start Handling Custom Attributes
---------------------------------------------------------------------------------
---------------------------------------------------------------------------------
Finished Handling Custom Attributes : Time (s): cpu = 00:00:46 ; elapsed = 00:00:52 . Memory (MB): peak = 1167.777 ; gain = 414.340
---------------------------------------------------------------------------------
---------------------------------------------------------------------------------
Start Renaming Generated Nets
---------------------------------------------------------------------------------
---------------------------------------------------------------------------------
Finished Renaming Generated Nets : Time (s): cpu = 00:00:46 ; elapsed = 00:00:52 . Memory (MB): peak = 1167.777 ; gain = 414.340
---------------------------------------------------------------------------------
---------------------------------------------------------------------------------
Start Writing Synthesis Report
---------------------------------------------------------------------------------

Report BlackBoxes: 
+-+--------------+----------+
| |BlackBox name |Instances |
+-+--------------+----------+
+-+--------------+----------+

Report Cell Usage: 
+------+-------+------+
|      |Cell   |Count |
+------+-------+------+
|1     |BUFG   |     2|
|2     |CARRY4 |    19|
|3     |LUT1   |     3|
|4     |LUT2   |    82|
|5     |LUT3   |    12|
|6     |LUT4   |     2|
|7     |LUT5   |     5|
|8     |LUT6   |     4|
|9     |FDRE   |    43|
|10    |LD     |     1|
|11    |IBUF   |     1|
|12    |OBUF   |     1|
+------+-------+------+

Report Instance Areas: 
+------+-------------+------------+------+
|      |Instance     |Module      |Cells |
+------+-------------+------------+------+
|1     |top          |            |   175|
|2     |  clk_divide |clk_divider |    23|
|3     |  pwm_fsm    |pwm_fsm     |   148|
+------+-------------+------------+------+
---------------------------------------------------------------------------------
Finished Writing Synthesis Report : Time (s): cpu = 00:00:46 ; elapsed = 00:00:52 . Memory (MB): peak = 1167.777 ; gain = 414.340
---------------------------------------------------------------------------------
Synthesis finished with 0 errors, 0 critical warnings and 1 warnings.
Synthesis Optimization Runtime : Time (s): cpu = 00:00:32 ; elapsed = 00:00:49 . Memory (MB): peak = 1167.777 ; gain = 338.852
Synthesis Optimization Complete : Time (s): cpu = 00:00:46 ; elapsed = 00:00:52 . Memory (MB): peak = 1167.777 ; gain = 414.340
INFO: [Project 1-571] Translating synthesized netlist
Netlist sorting complete. Time (s): cpu = 00:00:00 ; elapsed = 00:00:00.004 . Memory (MB): peak = 1180.836 ; gain = 0.000
INFO: [Netlist 29-17] Analyzing 20 Unisim elements for replacement
INFO: [Netlist 29-28] Unisim Transformation completed in 0 CPU seconds
INFO: [Project 1-570] Preparing netlist for logic optimization
INFO: [Opt 31-138] Pushed 0 inverter(s) to 0 load pin(s).
Netlist sorting complete. Time (s): cpu = 00:00:00 ; elapsed = 00:00:00 . Memory (MB): peak = 1187.320 ; gain = 0.000
INFO: [Project 1-111] Unisim Transformation Summary:
  A total of 1 instances were transformed.
  LD => LDCE: 1 instance 

INFO: [Common 17-83] Releasing license: Synthesis
18 Infos, 5 Warnings, 0 Critical Warnings and 0 Errors encountered.
synth_design completed successfully
synth_design: Time (s): cpu = 00:00:56 ; elapsed = 00:01:05 . Memory (MB): peak = 1187.320 ; gain = 724.238
Netlist sorting complete. Time (s): cpu = 00:00:00 ; elapsed = 00:00:00 . Memory (MB): peak = 1187.320 ; gain = 0.000
WARNING: [Constraints 18-5210] No constraints selected for write.
Resolution: This message can indicate that there are no constraints for the design, or it can indicate that the used_in flags are set such that the constraints are ignored. This later case is used when running synth_design to not write synthesis constraints to the resulting checkpoint. Instead, project constraints are read when the synthesized design is opened.
INFO: [Common 17-1381] The checkpoint 'C:/Users/csmith657/Desktop/digital-design-tutorials/CoraZ7/projects/hierarchical_pwm_fsm/hierarchical_pwm_fsm.runs/synth_1/top.dcp' has been generated.
INFO: [runtcl-4] Executing : report_utilization -file top_utilization_synth.rpt -pb top_utilization_synth.pb
INFO: [Common 17-206] Exiting Vivado at Fri Jul 31 11:55:06 2020...
